<?xml version="1.0" encoding="UTF-8"?>
<testsuite name="GameOfLifeTest" tests="1" skipped="0" failures="0" errors="0" timestamp="2020-03-07T15:04:50" hostname="Tobiass-MBP.fritz.box" time="121.239">
  <properties/>
  <testcase name="start" classname="GameOfLifeTest" time="121.239"/>
  <system-out><![CDATA[?[1;31m
Start test 1?[0m
>5
Generation: #1
Alive: 12
OO OO
 O OO
   OO
OO O 
     
?[H?[2JGeneration: #2
Alive: 8
 O O 
 O   
 O   
O OO 
   O 
?[H?[2JGeneration: #3
Alive: 10
     
OO   
OO   
 OOOO
 O O 
?[H?[2JGeneration: #4
Alive: 12
OOO  
OO   
   O 
   OO
OO OO
?[H?[2JGeneration: #5
Alive: 6
   O 
O   O
O OO 
     
     
?[H?[2JGeneration: #6
Alive: 7
    O
OOO  
OO O 
     
     
?[H?[2JGeneration: #7
Alive: 6
OO   
  OO 
O   O
     
     
?[H?[2JGeneration: #8
Alive: 6
 OO  
  OO 
   OO
     
     
?[H?[2JGeneration: #9
Alive: 8
 OOO 
 O  O
  OOO
     
     
?[H?[2JGeneration: #10
Alive: 12
OOOO 
 O  O
O OOO
   O 
  O  
?[H?[2JGeneration: #11
Alive: 8
O  OO
     
OOO  
 O   
    O
?[1;31m
Start test 2?[0m
>6
Generation: #1
Alive: 17
OO OO 
O OO  
 OOOO 
O     
 O  O 
OO  O 
?[H?[2JGeneration: #2
Alive: 10
    O 
O     
O   OO
O   OO
 O    
    O 
?[H?[2JGeneration: #3
Alive: 9
     O
O   O 
 O  O 
 O  O 
O   O 
      
?[H?[2JGeneration: #4
Alive: 13
     O
O   O 
OO OO 
OO OO 
     O
     O
?[H?[2JGeneration: #5
Alive: 13
O   OO
OO OO 
      
 O O  
     O
O   OO
?[H?[2JGeneration: #6
Alive: 9
      
OO OO 
OO OO 
      
     O
      
?[H?[2JGeneration: #7
Alive: 11
      
OO OO 
OO OO 
O   OO
      
      
?[H?[2JGeneration: #8
Alive: 9
      
OO OO 
      
OO OO 
     O
      
?[H?[2JGeneration: #9
Alive: 6
      
      
      
O   OO
O   OO
      
?[H?[2JGeneration: #10
Alive: 6
      
      
     O
O   O 
O   O 
     O
?[H?[2JGeneration: #11
Alive: 6
      
      
     O
O   O 
O   O 
     O
?[1;31m
Start test 3?[0m
>7
Generation: #1
Alive: 27
OO OO O
 OO   O
OOO O  
    O  
O OO  O
   OOOO
 OOOOOO
?[H?[2JGeneration: #2
Alive: 12
       
    O O
O O  O 
    OOO
O O   O
       
 O     
?[H?[2JGeneration: #3
Alive: 10
       
     OO
O  O   
   OO  
O     O
OO     
       
?[H?[2JGeneration: #4
Alive: 14
       
      O
   O OO
O  OO O
OO    O
OO    O
       
?[H?[2JGeneration: #5
Alive: 11
       
     OO
   O   
 OOOO  
  O    
 O    O
O      
?[H?[2JGeneration: #6
Alive: 9
      O
       
   O O 
 O  O  
O      
OO     
O      
?[H?[2JGeneration: #7
Alive: 9
       
       
    O  
    O  
O      
OO    O
OO    O
?[H?[2JGeneration: #8
Alive: 6
O      
       
       
       
OO    O
       
 O    O
?[H?[2JGeneration: #9
Alive: 6
O      
       
       
O      
O      
 O    O
O      
?[H?[2JGeneration: #10
Alive: 8
       
       
       
       
OO    O
 O    O
OO    O
?[H?[2JGeneration: #11
Alive: 8
O      
       
       
O      
 O    O
  O  O 
 O    O
?[1;31m
Start test 4?[0m
>8
Generation: #1
Alive: 36
OO OO O 
OO   OOO
O O     
 O  O OO
  O   OO
OO OOOOO
O O OOOO
 O  O OO
?[H?[2JGeneration: #2
Alive: 14
   OO   
   OOOO 
  O     
 OOO OO 
  O     
        
  O     
        
?[H?[2JGeneration: #3
Alive: 10
   O    
  O  O  
 O      
 O O    
 OOO    
        
        
   O    
?[H?[2JGeneration: #4
Alive: 11
  OOO   
  O     
 O      
OO O    
 O O    
  O     
        
        
?[H?[2JGeneration: #5
Alive: 13
  OO    
 OO     
OO      
OO      
OO O    
  O     
        
   O    
?[H?[2JGeneration: #6
Alive: 10
 O O    
O  O    
        
       O
O       
 OO     
        
  OO    
?[H?[2JGeneration: #7
Alive: 11
 O OO   
  O     
        
        
OO      
 O      
 O O    
  OO    
?[H?[2JGeneration: #8
Alive: 10
 O  O   
  OO    
        
        
OO      
 O      
 O O    
 O      
?[H?[2JGeneration: #9
Alive: 11
 O O    
  OO    
        
        
OO      
 O      
OO      
OO      
?[H?[2JGeneration: #10
Alive: 9
OO O    
  OO    
        
        
OO      
  O     
  O     
        
?[H?[2JGeneration: #11
Alive: 9
 O O    
 OOO    
        
        
 O      
  O     
        
 OO     
?[1;31m
Start test 5?[0m
>9
Generation: #1
Alive: 44
OO OO O O
O   OOOO 
O      O 
 O OO  O 
  OOOO OO
OOOO O OO
OO O  O O
OO      O
 O O OOOO
?[H?[2JGeneration: #2
Alive: 22
 O O     
   OO    
OO O   O 
OO   O O 
     O   
     O   
   OO O  
    OO   
   O OO  
?[H?[2JGeneration: #3
Alive: 24
   O O   
OO OO    
OO O  O  
OOO O    
    OO   
     OO  
   O  O  
         
  OO OO  
?[H?[2JGeneration: #4
Alive: 28
 O   OO  
OO O O   
     O  O
O O O    
 O OO O  
      O  
     OO  
  OOOOO  
  OO OO  
?[H?[2JGeneration: #5
Alive: 28
OO O     
OOO  O   
  OO O  O
OOO O    
 OOOO    
    O OO 
   O   O 
  O    O 
 O     O 
?[H?[2JGeneration: #6
Alive: 22
        O
        O
     O  O
O    O   
O   O    
    OOOO 
   O   OO
  O   OOO
OO      O
?[H?[2JGeneration: #7
Alive: 24
       OO
O      OO
O       O
O   OO  O
    O   O
   OOOOO 
   OO    
 OO   O  
 O       
?[H?[2JGeneration: #8
Alive: 17
       O 
         
 O       
    OO O 
O       O
      OO 
       O 
 OOO     
OOO    O 
?[H?[2JGeneration: #9
Alive: 17
 O      O
         
         
O       O
     O  O
      OO 
  O   OO 
O  O    O
O  O    O
?[H?[2JGeneration: #10
Alive: 16
        O
         
         
O       O
O     O O
     O  O
      O  
OOOO     
 OO    O 
?[H?[2JGeneration: #11
Alive: 14
         
         
         
O      OO
         
O    OO O
OOO      
O  O     
   O    O
?[1;31m
Start test 6?[0m
>10
Generation: #1
Alive: 54
OO OO O OO
   OOOO O 
     O  O 
OO  O   OO
OO OOOOOO 
O OOOO O  
O OOO     
 O O O OOO
OOOOO     
O   O OOOO
?[H?[2JGeneration: #2
Alive: 23
 OO       
O OO  O O 
O  O  O O 
 OOO      
          
O      OO 
O      O  
     O  OO
          
      O   
?[H?[2JGeneration: #3
Alive: 21
 OOO   O  
O  O      
O   O     
 OOO      
 OO       
       OOO
O     OO  
        OO
          
          
?[H?[2JGeneration: #4
Alive: 26
 OOO      
O  OO     
O   O     
O  O      
OO O    O 
OO    OOOO
O     O   
       OOO
          
  O       
?[H?[2JGeneration: #5
Alive: 25
 O  O     
O   O     
OO  O    O
O OOO     
        O 
  O   O O 
 O    O   
       OOO
        O 
 OOO      
?[H?[2JGeneration: #6
Alive: 31
OO  O     
   OOO   O
  O OO   O
O OOO     
 OO    O O
          
      O  O
       OOO
  O    OOO
 OOO      
?[H?[2JGeneration: #7
Alive: 33
OO   O    
 OO      O
OOO      O
O   OO  OO
OOO       
O       O 
       O O
O     O   
OOOO   O O
   O    OO
?[H?[2JGeneration: #8
Alive: 24
 O      O 
         O
  OO      
   O    O 
        O 
O       O 
O      OOO
  O   OO  
 OOO   O  
   OO   O 
?[H?[2JGeneration: #9
Alive: 28
        OO
  O       
  OO      
  OO      
       OO 
O         
OO    O   
O OO  O  O
 O  O OOO 
 O OO  OO 
?[H?[2JGeneration: #10
Alive: 29
  OO   OOO
  OO      
 O        
  OO      
          
OO     O O
  O       
  OO  O OO
 O  O O   
O OOOOO   
?[H?[2JGeneration: #11
Alive: 31
     OOOOO
 O O    O 
 O        
  O       
OOO       
OO        
  OO   O  
 OOO O O  
OO    O  O
O     O OO
?[1;31m
Start test 7?[0m
>5
Generation: #1
Alive: 12
OO OO
 O OO
   OO
OO O 
     
?[H?[2JGeneration: #2
Alive: 8
 O O 
 O   
 O   
O OO 
   O 
?[H?[2JGeneration: #3
Alive: 10
     
OO   
OO   
 OOOO
 O O 
?[H?[2JGeneration: #4
Alive: 12
OOO  
OO   
   O 
   OO
OO OO
?[H?[2JGeneration: #5
Alive: 6
   O 
O   O
O OO 
     
     
?[H?[2JGeneration: #6
Alive: 7
    O
OOO  
OO O 
     
     
?[H?[2JGeneration: #7
Alive: 6
OO   
  OO 
O   O
     
     
?[H?[2JGeneration: #8
Alive: 6
 OO  
  OO 
   OO
     
     
?[H?[2JGeneration: #9
Alive: 8
 OOO 
 O  O
  OOO
     
     
?[H?[2JGeneration: #10
Alive: 12
OOOO 
 O  O
O OOO
   O 
  O  
?[H?[2JGeneration: #11
Alive: 8
O  OO
     
OOO  
 O   
    O
?[1;31m
Start test 8?[0m
>6
Generation: #1
Alive: 17
OO OO 
O OO  
 OOOO 
O     
 O  O 
OO  O 
?[H?[2JGeneration: #2
Alive: 10
    O 
O     
O   OO
O   OO
 O    
    O 
?[H?[2JGeneration: #3
Alive: 9
     O
O   O 
 O  O 
 O  O 
O   O 
      
?[H?[2JGeneration: #4
Alive: 13
     O
O   O 
OO OO 
OO OO 
     O
     O
?[H?[2JGeneration: #5
Alive: 13
O   OO
OO OO 
      
 O O  
     O
O   OO
?[H?[2JGeneration: #6
Alive: 9
      
OO OO 
OO OO 
      
     O
      
?[H?[2JGeneration: #7
Alive: 11
      
OO OO 
OO OO 
O   OO
      
      
?[H?[2JGeneration: #8
Alive: 9
      
OO OO 
      
OO OO 
     O
      
?[H?[2JGeneration: #9
Alive: 6
      
      
      
O   OO
O   OO
      
?[H?[2JGeneration: #10
Alive: 6
      
      
     O
O   O 
O   O 
     O
?[H?[2JGeneration: #11
Alive: 6
      
      
     O
O   O 
O   O 
     O
?[1;31m
Start test 9?[0m
>7
Generation: #1
Alive: 27
OO OO O
 OO   O
OOO O  
    O  
O OO  O
   OOOO
 OOOOOO
?[H?[2JGeneration: #2
Alive: 12
       
    O O
O O  O 
    OOO
O O   O
       
 O     
?[H?[2JGeneration: #3
Alive: 10
       
     OO
O  O   
   OO  
O     O
OO     
       
?[H?[2JGeneration: #4
Alive: 14
       
      O
   O OO
O  OO O
OO    O
OO    O
       
?[H?[2JGeneration: #5
Alive: 11
       
     OO
   O   
 OOOO  
  O    
 O    O
O      
?[H?[2JGeneration: #6
Alive: 9
      O
       
   O O 
 O  O  
O      
OO     
O      
?[H?[2JGeneration: #7
Alive: 9
       
       
    O  
    O  
O      
OO    O
OO    O
?[H?[2JGeneration: #8
Alive: 6
O      
       
       
       
OO    O
       
 O    O
?[H?[2JGeneration: #9
Alive: 6
O      
       
       
O      
O      
 O    O
O      
?[H?[2JGeneration: #10
Alive: 8
       
       
       
       
OO    O
 O    O
OO    O
?[H?[2JGeneration: #11
Alive: 8
O      
       
       
O      
 O    O
  O  O 
 O    O
?[1;31m
Start test 10?[0m
>8
Generation: #1
Alive: 36
OO OO O 
OO   OOO
O O     
 O  O OO
  O   OO
OO OOOOO
O O OOOO
 O  O OO
?[H?[2JGeneration: #2
Alive: 14
   OO   
   OOOO 
  O     
 OOO OO 
  O     
        
  O     
        
?[H?[2JGeneration: #3
Alive: 10
   O    
  O  O  
 O      
 O O    
 OOO    
        
        
   O    
?[H?[2JGeneration: #4
Alive: 11
  OOO   
  O     
 O      
OO O    
 O O    
  O     
        
        
?[H?[2JGeneration: #5
Alive: 13
  OO    
 OO     
OO      
OO      
OO O    
  O     
        
   O    
?[H?[2JGeneration: #6
Alive: 10
 O O    
O  O    
        
       O
O       
 OO     
        
  OO    
?[H?[2JGeneration: #7
Alive: 11
 O OO   
  O     
        
        
OO      
 O      
 O O    
  OO    
?[H?[2JGeneration: #8
Alive: 10
 O  O   
  OO    
        
        
OO      
 O      
 O O    
 O      
?[H?[2JGeneration: #9
Alive: 11
 O O    
  OO    
        
        
OO      
 O      
OO      
OO      
?[H?[2JGeneration: #10
Alive: 9
OO O    
  OO    
        
        
OO      
  O     
  O     
        
?[H?[2JGeneration: #11
Alive: 9
 O O    
 OOO    
        
        
 O      
  O     
        
 OO     
?[1;31m
Start test 11?[0m
>9
Generation: #1
Alive: 44
OO OO O O
O   OOOO 
O      O 
 O OO  O 
  OOOO OO
OOOO O OO
OO O  O O
OO      O
 O O OOOO
?[H?[2JGeneration: #2
Alive: 22
 O O     
   OO    
OO O   O 
OO   O O 
     O   
     O   
   OO O  
    OO   
   O OO  
?[H?[2JGeneration: #3
Alive: 24
   O O   
OO OO    
OO O  O  
OOO O    
    OO   
     OO  
   O  O  
         
  OO OO  
?[H?[2JGeneration: #4
Alive: 28
 O   OO  
OO O O   
     O  O
O O O    
 O OO O  
      O  
     OO  
  OOOOO  
  OO OO  
?[H?[2JGeneration: #5
Alive: 28
OO O     
OOO  O   
  OO O  O
OOO O    
 OOOO    
    O OO 
   O   O 
  O    O 
 O     O 
?[H?[2JGeneration: #6
Alive: 22
        O
        O
     O  O
O    O   
O   O    
    OOOO 
   O   OO
  O   OOO
OO      O
?[H?[2JGeneration: #7
Alive: 24
       OO
O      OO
O       O
O   OO  O
    O   O
   OOOOO 
   OO    
 OO   O  
 O       
?[H?[2JGeneration: #8
Alive: 17
       O 
         
 O       
    OO O 
O       O
      OO 
       O 
 OOO     
OOO    O 
?[H?[2JGeneration: #9
Alive: 17
 O      O
         
         
O       O
     O  O
      OO 
  O   OO 
O  O    O
O  O    O
?[H?[2JGeneration: #10
Alive: 16
        O
         
         
O       O
O     O O
     O  O
      O  
OOOO     
 OO    O 
?[H?[2JGeneration: #11
Alive: 14
         
         
         
O      OO
         
O    OO O
OOO      
O  O     
   O    O
?[1;31m
Start test 12?[0m
>10
Generation: #1
Alive: 54
OO OO O OO
   OOOO O 
     O  O 
OO  O   OO
OO OOOOOO 
O OOOO O  
O OOO     
 O O O OOO
OOOOO     
O   O OOOO
?[H?[2JGeneration: #2
Alive: 23
 OO       
O OO  O O 
O  O  O O 
 OOO      
          
O      OO 
O      O  
     O  OO
          
      O   
?[H?[2JGeneration: #3
Alive: 21
 OOO   O  
O  O      
O   O     
 OOO      
 OO       
       OOO
O     OO  
        OO
          
          
?[H?[2JGeneration: #4
Alive: 26
 OOO      
O  OO     
O   O     
O  O      
OO O    O 
OO    OOOO
O     O   
       OOO
          
  O       
?[H?[2JGeneration: #5
Alive: 25
 O  O     
O   O     
OO  O    O
O OOO     
        O 
  O   O O 
 O    O   
       OOO
        O 
 OOO      
?[H?[2JGeneration: #6
Alive: 31
OO  O     
   OOO   O
  O OO   O
O OOO     
 OO    O O
          
      O  O
       OOO
  O    OOO
 OOO      
?[H?[2JGeneration: #7
Alive: 33
OO   O    
 OO      O
OOO      O
O   OO  OO
OOO       
O       O 
       O O
O     O   
OOOO   O O
   O    OO
?[H?[2JGeneration: #8
Alive: 24
 O      O 
         O
  OO      
   O    O 
        O 
O       O 
O      OOO
  O   OO  
 OOO   O  
   OO   O 
?[H?[2JGeneration: #9
Alive: 28
        OO
  O       
  OO      
  OO      
       OO 
O         
OO    O   
O OO  O  O
 O  O OOO 
 O OO  OO 
?[H?[2JGeneration: #10
Alive: 29
  OO   OOO
  OO      
 O        
  OO      
          
OO     O O
  O       
  OO  O OO
 O  O O   
O OOOOO   
?[H?[2JGeneration: #11
Alive: 31
     OOOOO
 O O    O 
 O        
  O       
OOO       
OO        
  OO   O  
 OOO O O  
OO    O  O
O     O OO
]]></system-out>
  <system-err><![CDATA[]]></system-err>
</testsuite>
